[debug] [2022-04-10T14:33:56.632Z] ----------------------------------------------------------------------
[debug] [2022-04-10T14:33:56.634Z] Command:       C:\Program Files\nodejs\node.exe C:\Users\minhn\AppData\Roaming\npm\node_modules\firebase-tools\lib\bin\firebase.js init
[debug] [2022-04-10T14:33:56.635Z] CLI Version:   9.23.1
[debug] [2022-04-10T14:33:56.635Z] Platform:      win32
[debug] [2022-04-10T14:33:56.635Z] Node Version:  v16.13.0
[debug] [2022-04-10T14:33:56.636Z] Time:          Sun Apr 10 2022 21:33:56 GMT+0700 (Indochina Time)
[debug] [2022-04-10T14:33:56.636Z] ----------------------------------------------------------------------
[debug] 
[debug] [2022-04-10T14:33:56.645Z] > command requires scopes: ["email","openid","https://www.googleapis.com/auth/cloudplatformprojects.readonly","https://www.googleapis.com/auth/firebase","https://www.googleapis.com/auth/cloud-platform"]
[debug] [2022-04-10T14:33:56.645Z] > authorizing via signed-in user (vanminh10112016@gmail.com)
[info] 
     ######## #### ########  ######## ########     ###     ######  ########
     ##        ##  ##     ## ##       ##     ##  ##   ##  ##       ##
     ######    ##  ########  ######   ########  #########  ######  ######
     ##        ##  ##    ##  ##       ##     ## ##     ##       ## ##
     ##       #### ##     ## ######## ########  ##     ##  ######  ########

You're about to initialize a Firebase project in this directory:

  C:\Users\minhn\OneDrive\Desktop\Introduction-myself\introduction-myself

[info] 
=== Project Setup
[info] 
[info] First, let's associate this project directory with a Firebase project.
[info] You can create multiple project aliases by running firebase use --add, 
[info] but for now we'll just set up a default project.
[info] 
[debug] [2022-04-10T14:34:29.908Z] >>> [apiv2][query] GET https://firebase.googleapis.com/v1beta1/projects pageSize=100
[debug] [2022-04-10T14:34:30.626Z] <<< [apiv2][status] GET https://firebase.googleapis.com/v1beta1/projects 200
[debug] [2022-04-10T14:34:30.627Z] <<< [apiv2][body] GET https://firebase.googleapis.com/v1beta1/projects [omitted]
[info] i  Using project introduction-myself-c84a3 (introduction-myself) 
[info] 
=== Hosting:github Setup
[info] 
[info] i  Detected a .git folder at C:\Users\minhn\OneDrive\Desktop\Introduction-myself 
[info] i  Authorizing with GitHub to upload your service account to a GitHub repository's secrets store. 
[info] 
[info] Visit this URL on this device to log in:
[info] https://github.com/login/oauth/authorize?client_id=89cf50f02ac6aaed3484&state=741605546&redirect_uri=http%3A%2F%2Flocalhost%3A9005&scope=read%3Auser%20repo%20public_repo
[info] 
[info] Waiting for authentication...
[debug] [2022-04-10T14:34:44.032Z] >>> HTTP REQUEST POST https://github.com/login/oauth/access_token  
 {"client_id":"89cf50f02ac6aaed3484","client_secret":"3330d14abc895d9a74d5f17cd7a00711fa2c5bf0","code":"6db33f26f0b11d74b839","redirect_uri":"http://localhost:9005","state":"741605546"}
[debug] [2022-04-10T14:34:44.450Z] <<< HTTP RESPONSE 200 {"server":"GitHub.com","date":"Sun, 10 Apr 2022 14:34:44 GMT","content-type":"application/json; charset=utf-8","transfer-encoding":"chunked","vary":"X-PJAX, X-PJAX-Container, Accept-Encoding, Accept, X-Requested-With","permissions-policy":"interest-cohort=()","etag":"W/\"0709000ac3f7c31f199719d498fd4ab0\"","cache-control":"max-age=0, private, must-revalidate","strict-transport-security":"max-age=31536000; includeSubdomains; preload","x-frame-options":"deny","x-content-type-options":"nosniff","x-xss-protection":"0","referrer-policy":"origin-when-cross-origin, strict-origin-when-cross-origin","expect-ct":"max-age=2592000, report-uri=\"https://api.github.com/_private/browser/errors\"","content-security-policy":"default-src 'none'; base-uri 'self'; block-all-mixed-content; child-src github.com/assets-cdn/worker/ gist.github.com/assets-cdn/worker/; connect-src 'self' uploads.github.com objects-origin.githubusercontent.com www.githubstatus.com collector.github.com raw.githubusercontent.com api.github.com github-cloud.s3.amazonaws.com github-production-repository-file-5c1aeb.s3.amazonaws.com github-production-upload-manifest-file-7fdce7.s3.amazonaws.com github-production-user-asset-6210df.s3.amazonaws.com cdn.optimizely.com logx.optimizely.com/v1/events translator.github.com *.actions.githubusercontent.com wss://*.actions.githubusercontent.com online.visualstudio.com/api/v1/locations github-production-repository-image-32fea6.s3.amazonaws.com github-production-release-asset-2e65be.s3.amazonaws.com insights.github.com wss://alive.github.com; font-src github.githubassets.com; form-action 'self' github.com gist.github.com objects-origin.githubusercontent.com; frame-ancestors 'none'; frame-src render.githubusercontent.com viewscreen.githubusercontent.com notebooks.githubusercontent.com; img-src 'self' data: github.githubassets.com identicons.github.com github-cloud.s3.amazonaws.com secured-user-images.githubusercontent.com/ *.githubusercontent.com; manifest-src 'self'; media-src github.com user-images.githubusercontent.com/; script-src github.githubassets.com; style-src 'unsafe-inline' github.githubassets.com; worker-src github.com/assets-cdn/worker/ gist.github.com/assets-cdn/worker/","x-github-request-id":"D244:16BB:6DD44:83313:6252EB04"}
[debug] [2022-04-10T14:34:44.459Z] >>> [apiv2][query] GET https://api.github.com/user [none]
[debug] [2022-04-10T14:34:44.870Z] <<< [apiv2][status] GET https://api.github.com/user 200
[debug] [2022-04-10T14:34:44.871Z] <<< [apiv2][body] GET https://api.github.com/user {"login":"Minh-99","id":75222960,"node_id":"MDQ6VXNlcjc1MjIyOTYw","avatar_url":"https://avatars.githubusercontent.com/u/75222960?v=4","gravatar_id":"","url":"https://api.github.com/users/Minh-99","html_url":"https://github.com/Minh-99","followers_url":"https://api.github.com/users/Minh-99/followers","following_url":"https://api.github.com/users/Minh-99/following{/other_user}","gists_url":"https://api.github.com/users/Minh-99/gists{/gist_id}","starred_url":"https://api.github.com/users/Minh-99/starred{/owner}{/repo}","subscriptions_url":"https://api.github.com/users/Minh-99/subscriptions","organizations_url":"https://api.github.com/users/Minh-99/orgs","repos_url":"https://api.github.com/users/Minh-99/repos","events_url":"https://api.github.com/users/Minh-99/events{/privacy}","received_events_url":"https://api.github.com/users/Minh-99/received_events","type":"User","site_admin":false,"name":"Nguyễn Văn Minh","company":null,"blog":"","location":null,"email":null,"hireable":null,"bio":null,"twitter_username":null,"public_repos":5,"public_gists":0,"followers":0,"following":0,"created_at":"2020-11-29T20:25:49Z","updated_at":"2022-04-10T14:34:36Z","private_gists":0,"total_private_repos":9,"owned_private_repos":9,"disk_usage":56367,"collaborators":0,"two_factor_authentication":false,"plan":{"name":"free","space":976562499,"collaborators":0,"private_repos":10000}}
[info] 
[info] +  Success! Logged into GitHub as Minh-99 
[info] 
